6.8790 	WARNING 	We strongly recommend you activate the PTB sound engine in PsychoPy prefs as the preferred audio engine. Its timing is vastly superior. Your prefs are currently set to use ['sounddevice', 'PTB', 'pyo', 'pygame'] (in that order).
18.5115 	WARNING 	User requested fullscreen with size [1024  768], but screen is actually [1920, 1080]. Using actual size
20.9716 	EXP 	Created window1 = Window(allowGUI=True, allowStencil=False, autoLog=True, backendConf=UNKNOWN, bitsMode=UNKNOWN, blendMode='avg', bpc=(8, 8, 8), color=array([0, 0, 0]), colorSpace='rgb', depthBits=8, fullscr=<method-wrapper '__getattribute__' of attributeSetter object at 0x000001D107655D60>, gamma=None, gammaErrorPolicy='raise', lms=UNKNOWN, monitor=<psychopy.monitors.calibTools.Monitor object at 0x000001D10A9A41F0>, multiSample=False, name='window1', numSamples=2, pos=(0, 0), screen=0, size=array([1920, 1080]), stencilBits=0, stereo=False, units='height', useFBO=True, useRetina=False, viewOri=0.0, viewPos=None, viewScale=None, waitBlanking=True, winType='pyglet')
20.9718 	EXP 	window1: mouseVisible = True
20.9721 	EXP 	window1: mouseVisible = False
20.9722 	EXP 	window1: Attempting to measure frame rate of screen (0) ...
20.9722 	EXP 	window1: recordFrameIntervals = False
21.1383 	EXP 	window1: recordFrameIntervals = True
21.2229 	WARNING 	t of last frame was 21.00ms (=1/47)
21.3255 	WARNING 	t of last frame was 22.17ms (=1/45)
21.6213 	EXP 	Screen (0) actual frame rate measured at 59.77Hz
21.6215 	EXP 	window1: recordFrameIntervals = False
27.7610 	EXP 	Created fixation = ShapeStim(__class__=<class 'psychopy.visual.shape.ShapeStim'>, anchor=('center', 'center'), autoDraw=False, autoLog=True, closeShape=True, color=method-wrapper(...), colorSpace='rgb', contrast=None, depth=0.0, fillColor=array([1, 1, 1]), fillColorSpace='rgb', fillRGB=array([1, 1, 1]), interpolate=True, lineColor=array([1., 1., 1.]), lineColorSpace='rgb', lineRGB=array([1, 1, 1]), lineWidth=1.0, name='fixation', opacity=1.0, ori=0.0, pos=array([0., 0.]), size=array([10., 10.]), units='pix', vertices=ndarray(...), win=Window(...), windingRule=None)
27.8274 	EXP 	Created grating = GratingStim(__class__=<class 'psychopy.visual.grating.GratingStim'>, anchor='center', autoDraw=False, autoLog=True, blendmode='avg', color=array([0.3, 0.3, 0.3]), colorSpace='rgb', contrast=0.3, depth=-1.0, interpolate=True, mask='gauss', maskParams=None, name='grating', opacity=1.0, ori=1.0, phase=array([0., 0.]), pos=array([0., 0.]), rgbPedestal=array([0., 0., 0.]), sf=array([5., 5.]), size=array([0.2, 0.2]), tex='sin', texRes=128.0, units='height', win=Window(...))
27.8366 	EXP 	Created sequence: random, trialTypes=1, nReps=100, seed=None
27.8385 	EXP 	New trial (rep=0, index=0): None
27.8760 	EXP 	grating: ori = 0.0
27.8760 	EXP 	fixation: autoDraw = True
28.9154 	EXP 	grating: autoDraw = True
28.9154 	EXP 	grating: tex = 'sin'
28.9352 	EXP 	fixation: autoDraw = False
29.2177 	EXP 	grating: autoDraw = False
30.0049 	EXP 	New trial (rep=1, index=0): None
30.0134 	DATA 	Keypress: up
30.0193 	EXP 	fixation: autoDraw = False
30.0193 	EXP 	grating: autoDraw = False
30.0193 	EXP 	grating: ori = 0.0
30.0193 	EXP 	fixation: autoDraw = True
31.0033 	EXP 	grating: autoDraw = True
31.0212 	EXP 	fixation: autoDraw = False
31.3117 	EXP 	grating: autoDraw = False
31.6623 	EXP 	New trial (rep=2, index=0): None
31.6703 	DATA 	Keypress: up
31.6759 	EXP 	fixation: autoDraw = False
31.6759 	EXP 	grating: autoDraw = False
31.6759 	EXP 	grating: ori = 0.0
31.6759 	EXP 	fixation: autoDraw = True
32.6678 	EXP 	grating: autoDraw = True
32.6847 	EXP 	fixation: autoDraw = False
32.9677 	EXP 	grating: autoDraw = False
33.2781 	EXP 	New trial (rep=3, index=0): None
33.2860 	DATA 	Keypress: up
33.2911 	EXP 	fixation: autoDraw = False
33.2911 	EXP 	grating: autoDraw = False
33.2911 	EXP 	grating: ori = -4.0
33.2911 	EXP 	fixation: autoDraw = True
34.2842 	EXP 	grating: autoDraw = True
34.3003 	EXP 	fixation: autoDraw = False
34.5847 	EXP 	grating: autoDraw = False
34.8420 	EXP 	New trial (rep=4, index=0): None
34.8468 	DATA 	Keypress: down
34.8533 	EXP 	fixation: autoDraw = False
34.8533 	EXP 	grating: autoDraw = False
34.8533 	EXP 	grating: ori = 4.0
34.8533 	EXP 	fixation: autoDraw = True
35.8502 	EXP 	grating: autoDraw = True
35.8678 	EXP 	fixation: autoDraw = False
36.1502 	EXP 	grating: autoDraw = False
36.5059 	EXP 	New trial (rep=5, index=0): None
36.5094 	DATA 	Keypress: down
36.5176 	EXP 	fixation: autoDraw = False
36.5176 	EXP 	grating: autoDraw = False
36.5176 	EXP 	grating: ori = 0.0
36.5176 	EXP 	fixation: autoDraw = True
37.5174 	EXP 	fixation: autoDraw = False
37.5174 	EXP 	grating: autoDraw = True
37.8199 	EXP 	grating: autoDraw = False
38.0064 	EXP 	New trial (rep=6, index=0): None
38.0099 	DATA 	Keypress: up
38.0179 	EXP 	fixation: autoDraw = False
38.0179 	EXP 	grating: autoDraw = False
38.0179 	EXP 	grating: ori = 1.0
38.0179 	EXP 	fixation: autoDraw = True
39.0175 	EXP 	fixation: autoDraw = False
39.0175 	EXP 	grating: autoDraw = True
39.3172 	EXP 	grating: autoDraw = False
39.5388 	EXP 	New trial (rep=7, index=0): None
39.5425 	DATA 	Keypress: up
39.5508 	EXP 	fixation: autoDraw = False
39.5508 	EXP 	grating: autoDraw = False
39.5508 	EXP 	grating: ori = 0.0
39.5508 	EXP 	fixation: autoDraw = True
40.5552 	EXP 	fixation: autoDraw = False
40.5552 	EXP 	grating: autoDraw = True
40.8686 	EXP 	grating: autoDraw = False
41.1524 	DATA 	Keypress: up
41.1715 	EXP 	New trial (rep=8, index=0): None
41.1837 	EXP 	fixation: autoDraw = False
41.1837 	EXP 	grating: autoDraw = False
41.1837 	EXP 	grating: ori = 0.0
41.1837 	EXP 	fixation: autoDraw = True
42.1827 	EXP 	fixation: autoDraw = False
42.1827 	EXP 	grating: autoDraw = True
42.4827 	EXP 	grating: autoDraw = False
42.7550 	EXP 	New trial (rep=9, index=0): None
42.7582 	DATA 	Keypress: up
42.7667 	EXP 	fixation: autoDraw = False
42.7667 	EXP 	grating: autoDraw = False
42.7667 	EXP 	grating: ori = -2.0
42.7667 	EXP 	fixation: autoDraw = True
43.7670 	EXP 	fixation: autoDraw = False
43.7670 	EXP 	grating: autoDraw = True
44.0890 	EXP 	grating: autoDraw = False
44.6671 	DATA 	Keypress: down
44.6973 	EXP 	New trial (rep=10, index=0): None
44.7041 	EXP 	fixation: autoDraw = False
44.7041 	EXP 	grating: autoDraw = False
44.7041 	EXP 	grating: ori = -4.0
44.7041 	EXP 	fixation: autoDraw = True
45.6960 	EXP 	grating: autoDraw = True
45.7125 	EXP 	fixation: autoDraw = False
45.9960 	EXP 	grating: autoDraw = False
46.5710 	EXP 	New trial (rep=11, index=0): None
46.5768 	DATA 	Keypress: down
46.5801 	EXP 	fixation: autoDraw = False
46.5801 	EXP 	grating: autoDraw = False
46.5801 	EXP 	grating: ori = -3.0
46.5801 	EXP 	fixation: autoDraw = True
47.5798 	EXP 	grating: autoDraw = True
47.5957 	EXP 	fixation: autoDraw = False
47.8955 	EXP 	grating: autoDraw = False
48.4362 	EXP 	New trial (rep=12, index=0): None
48.4411 	DATA 	Keypress: down
48.4450 	EXP 	fixation: autoDraw = False
48.4450 	EXP 	grating: autoDraw = False
48.4450 	EXP 	grating: ori = 0.0
48.4450 	EXP 	fixation: autoDraw = True
49.4453 	EXP 	fixation: autoDraw = False
49.4453 	EXP 	grating: autoDraw = True
49.7452 	EXP 	grating: autoDraw = False
50.1559 	EXP 	New trial (rep=13, index=0): None
50.1631 	DATA 	Keypress: up
50.1664 	EXP 	fixation: autoDraw = False
50.1664 	EXP 	grating: autoDraw = False
50.1664 	EXP 	grating: ori = 3.0
50.1664 	EXP 	fixation: autoDraw = True
51.1618 	EXP 	grating: autoDraw = True
51.1784 	EXP 	fixation: autoDraw = False
51.4616 	EXP 	grating: autoDraw = False
51.9040 	EXP 	New trial (rep=14, index=0): None
51.9104 	DATA 	Keypress: down
51.9137 	EXP 	fixation: autoDraw = False
51.9137 	EXP 	grating: autoDraw = False
51.9137 	EXP 	grating: ori = -4.0
51.9137 	EXP 	fixation: autoDraw = True
52.9113 	EXP 	grating: autoDraw = True
52.9282 	EXP 	fixation: autoDraw = False
53.2112 	EXP 	grating: autoDraw = False
53.7195 	EXP 	New trial (rep=15, index=0): None
53.7256 	DATA 	Keypress: down
53.7290 	EXP 	fixation: autoDraw = False
53.7290 	EXP 	grating: autoDraw = False
53.7290 	EXP 	grating: ori = 0.0
53.7290 	EXP 	fixation: autoDraw = True
54.7278 	EXP 	fixation: autoDraw = False
54.7278 	EXP 	grating: autoDraw = True
55.0276 	EXP 	grating: autoDraw = False
55.5521 	EXP 	New trial (rep=16, index=0): None
55.5584 	DATA 	Keypress: up
55.5616 	EXP 	fixation: autoDraw = False
55.5616 	EXP 	grating: autoDraw = False
55.5616 	EXP 	grating: ori = 1.0
55.5616 	EXP 	fixation: autoDraw = True
56.5612 	EXP 	fixation: autoDraw = False
56.5612 	EXP 	grating: autoDraw = True
56.8607 	EXP 	grating: autoDraw = False
57.3813 	DATA 	Keypress: up
57.4018 	EXP 	New trial (rep=17, index=0): None
57.4108 	EXP 	fixation: autoDraw = False
57.4108 	EXP 	grating: autoDraw = False
57.4108 	EXP 	grating: ori = 0.0
57.4108 	EXP 	fixation: autoDraw = True
58.4106 	EXP 	fixation: autoDraw = False
58.4106 	EXP 	grating: autoDraw = True
58.7104 	EXP 	grating: autoDraw = False
59.3020 	EXP 	New trial (rep=18, index=0): None
59.3093 	DATA 	Keypress: up
59.3126 	EXP 	fixation: autoDraw = False
59.3126 	EXP 	grating: autoDraw = False
59.3126 	EXP 	grating: ori = 0.0
59.3126 	EXP 	fixation: autoDraw = True
60.3104 	EXP 	grating: autoDraw = True
60.3268 	EXP 	fixation: autoDraw = False
60.6100 	EXP 	grating: autoDraw = False
61.1315 	EXP 	New trial (rep=19, index=0): None
61.1351 	DATA 	Keypress: up
61.1431 	EXP 	fixation: autoDraw = False
61.1431 	EXP 	grating: autoDraw = False
61.1431 	EXP 	grating: ori = 2.0
61.1431 	EXP 	fixation: autoDraw = True
62.1430 	EXP 	fixation: autoDraw = False
62.1430 	EXP 	grating: autoDraw = True
62.4431 	EXP 	grating: autoDraw = False
65.8876 	EXP 	New trial (rep=20, index=0): None
65.8940 	DATA 	Keypress: down
65.8971 	EXP 	fixation: autoDraw = False
65.8971 	EXP 	grating: autoDraw = False
65.8971 	EXP 	grating: ori = 0.0
65.8971 	EXP 	fixation: autoDraw = True
66.8931 	EXP 	grating: autoDraw = True
66.9097 	EXP 	fixation: autoDraw = False
67.1927 	EXP 	grating: autoDraw = False
67.6683 	EXP 	New trial (rep=21, index=0): None
67.6746 	DATA 	Keypress: down
67.6780 	EXP 	fixation: autoDraw = False
67.6780 	EXP 	grating: autoDraw = False
67.6780 	EXP 	grating: ori = 2.0
67.6780 	EXP 	fixation: autoDraw = True
68.6764 	EXP 	grating: autoDraw = True
68.6930 	EXP 	fixation: autoDraw = False
68.9758 	EXP 	grating: autoDraw = False
69.5142 	DATA 	Keypress: up
69.5340 	EXP 	New trial (rep=22, index=0): None
69.5424 	EXP 	fixation: autoDraw = False
69.5424 	EXP 	grating: autoDraw = False
69.5424 	EXP 	grating: ori = 4.0
69.5424 	EXP 	fixation: autoDraw = True
70.5423 	EXP 	fixation: autoDraw = False
70.5423 	EXP 	grating: autoDraw = True
70.8422 	EXP 	grating: autoDraw = False
71.2848 	EXP 	New trial (rep=23, index=0): None
71.2911 	DATA 	Keypress: down
71.2944 	EXP 	fixation: autoDraw = False
71.2944 	EXP 	grating: autoDraw = False
71.2944 	EXP 	grating: ori = 0.0
71.2944 	EXP 	fixation: autoDraw = True
72.2923 	EXP 	grating: autoDraw = True
72.3089 	EXP 	fixation: autoDraw = False
72.5917 	EXP 	grating: autoDraw = False
72.9948 	DATA 	Keypress: up
73.0053 	EXP 	New trial (rep=24, index=0): None
73.0131 	EXP 	fixation: autoDraw = False
73.0131 	EXP 	grating: autoDraw = False
73.0131 	EXP 	grating: ori = 0.0
73.0131 	EXP 	fixation: autoDraw = True
74.0086 	EXP 	grating: autoDraw = True
74.0255 	EXP 	fixation: autoDraw = False
74.3083 	EXP 	grating: autoDraw = False
74.7466 	DATA 	Keypress: up
74.7673 	EXP 	New trial (rep=25, index=0): None
74.7764 	EXP 	fixation: autoDraw = False
74.7764 	EXP 	grating: autoDraw = False
74.7764 	EXP 	grating: ori = 0.0
74.7764 	EXP 	fixation: autoDraw = True
75.7749 	EXP 	grating: autoDraw = True
75.7915 	EXP 	fixation: autoDraw = False
76.0746 	EXP 	grating: autoDraw = False
77.0164 	EXP 	New trial (rep=26, index=0): None
77.0221 	DATA 	Keypress: up
77.0257 	EXP 	fixation: autoDraw = False
77.0257 	EXP 	grating: autoDraw = False
77.0257 	EXP 	grating: ori = 1.0
77.0257 	EXP 	fixation: autoDraw = True
78.0250 	EXP 	fixation: autoDraw = False
78.0250 	EXP 	grating: autoDraw = True
78.3246 	EXP 	grating: autoDraw = False
79.4680 	EXP 	New trial (rep=27, index=0): None
79.4747 	DATA 	Keypress: up
79.4779 	EXP 	fixation: autoDraw = False
79.4779 	EXP 	grating: autoDraw = False
79.4779 	EXP 	grating: ori = 1.0
79.4779 	EXP 	fixation: autoDraw = True
80.4746 	EXP 	grating: autoDraw = True
80.4911 	EXP 	fixation: autoDraw = False
80.7743 	EXP 	grating: autoDraw = False
81.7963 	DATA 	Keypress: up
81.8169 	EXP 	New trial (rep=28, index=0): None
81.8263 	EXP 	fixation: autoDraw = False
81.8263 	EXP 	grating: autoDraw = False
81.8263 	EXP 	grating: ori = 3.0
81.8263 	EXP 	fixation: autoDraw = True
82.8244 	EXP 	grating: autoDraw = True
82.8410 	EXP 	fixation: autoDraw = False
83.1242 	EXP 	grating: autoDraw = False
83.7497 	EXP 	New trial (rep=29, index=0): None
83.7556 	DATA 	Keypress: down
83.7587 	EXP 	fixation: autoDraw = False
83.7587 	EXP 	grating: autoDraw = False
83.7587 	EXP 	grating: ori = 0.0
83.7587 	EXP 	fixation: autoDraw = True
84.7572 	EXP 	grating: autoDraw = True
84.7738 	EXP 	fixation: autoDraw = False
85.0572 	EXP 	grating: autoDraw = False
85.4986 	EXP 	New trial (rep=30, index=0): None
85.5036 	DATA 	Keypress: up
85.5070 	EXP 	fixation: autoDraw = False
85.5070 	EXP 	grating: autoDraw = False
85.5070 	EXP 	grating: ori = 0.0
85.5070 	EXP 	fixation: autoDraw = True
86.5072 	EXP 	fixation: autoDraw = False
86.5072 	EXP 	grating: autoDraw = True
86.8069 	EXP 	grating: autoDraw = False
87.2112 	DATA 	Keypress: up
87.2311 	EXP 	New trial (rep=31, index=0): None
87.2505 	EXP 	fixation: autoDraw = False
87.2505 	EXP 	grating: autoDraw = False
87.2505 	EXP 	grating: ori = 0.0
87.2505 	EXP 	fixation: autoDraw = True
88.2402 	EXP 	grating: autoDraw = True
88.2570 	EXP 	fixation: autoDraw = False
88.5403 	EXP 	grating: autoDraw = False
89.2314 	EXP 	New trial (rep=32, index=0): None
89.2371 	DATA 	Keypress: up
89.2403 	EXP 	fixation: autoDraw = False
89.2403 	EXP 	grating: autoDraw = False
89.2403 	EXP 	grating: ori = -4.0
89.2403 	EXP 	fixation: autoDraw = True
90.2399 	EXP 	fixation: autoDraw = False
90.2399 	EXP 	grating: autoDraw = True
90.5396 	EXP 	grating: autoDraw = False
90.9507 	DATA 	Keypress: down
90.9645 	EXP 	New trial (rep=33, index=0): None
90.9729 	EXP 	fixation: autoDraw = False
90.9729 	EXP 	grating: autoDraw = False
90.9729 	EXP 	grating: ori = 3.0
90.9729 	EXP 	fixation: autoDraw = True
91.9730 	EXP 	fixation: autoDraw = False
91.9730 	EXP 	grating: autoDraw = True
92.2728 	EXP 	grating: autoDraw = False
92.7993 	EXP 	New trial (rep=34, index=0): None
92.8051 	DATA 	Keypress: down
92.8083 	EXP 	fixation: autoDraw = False
92.8083 	EXP 	grating: autoDraw = False
92.8083 	EXP 	grating: ori = -5.0
92.8083 	EXP 	fixation: autoDraw = True
93.8062 	EXP 	grating: autoDraw = True
93.8228 	EXP 	fixation: autoDraw = False
94.1058 	EXP 	grating: autoDraw = False
94.4977 	EXP 	New trial (rep=35, index=0): None
94.5031 	DATA 	Keypress: down
94.5064 	EXP 	fixation: autoDraw = False
94.5064 	EXP 	grating: autoDraw = False
94.5064 	EXP 	grating: ori = 0.0
94.5064 	EXP 	fixation: autoDraw = True
95.5060 	EXP 	fixation: autoDraw = False
95.5060 	EXP 	grating: autoDraw = True
95.8059 	EXP 	grating: autoDraw = False
96.3147 	EXP 	New trial (rep=36, index=0): None
96.3197 	DATA 	Keypress: up
96.3228 	EXP 	fixation: autoDraw = False
96.3228 	EXP 	grating: autoDraw = False
96.3228 	EXP 	grating: ori = -4.0
96.3228 	EXP 	fixation: autoDraw = True
97.3224 	EXP 	fixation: autoDraw = False
97.3224 	EXP 	grating: autoDraw = True
97.6222 	EXP 	grating: autoDraw = False
98.0634 	EXP 	New trial (rep=37, index=0): None
98.0789 	DATA 	Keypress: down
98.0820 	EXP 	fixation: autoDraw = False
98.0820 	EXP 	grating: autoDraw = False
98.0820 	EXP 	grating: ori = 0.0
98.0820 	EXP 	fixation: autoDraw = True
99.0725 	EXP 	grating: autoDraw = True
99.0889 	EXP 	fixation: autoDraw = False
99.3718 	EXP 	grating: autoDraw = False
99.9191 	EXP 	New trial (rep=38, index=0): None
99.9243 	DATA 	Keypress: up
99.9275 	EXP 	fixation: autoDraw = False
99.9275 	EXP 	grating: autoDraw = False
99.9275 	EXP 	grating: ori = 4.0
99.9275 	EXP 	fixation: autoDraw = True
100.9220 	EXP 	grating: autoDraw = True
100.9388 	EXP 	fixation: autoDraw = False
101.2217 	EXP 	grating: autoDraw = False
101.8141 	EXP 	New trial (rep=39, index=0): None
101.8199 	DATA 	Keypress: down
101.8231 	EXP 	fixation: autoDraw = False
101.8231 	EXP 	grating: autoDraw = False
101.8231 	EXP 	grating: ori = 0.0
101.8231 	EXP 	fixation: autoDraw = True
102.8217 	EXP 	fixation: autoDraw = False
102.8217 	EXP 	grating: autoDraw = True
103.1215 	EXP 	grating: autoDraw = False
103.5981 	EXP 	New trial (rep=40, index=0): None
103.6036 	DATA 	Keypress: up
103.6069 	EXP 	fixation: autoDraw = False
103.6069 	EXP 	grating: autoDraw = False
103.6069 	EXP 	grating: ori = 0.0
103.6069 	EXP 	fixation: autoDraw = True
104.6047 	EXP 	grating: autoDraw = True
104.6217 	EXP 	fixation: autoDraw = False
104.9044 	EXP 	grating: autoDraw = False
105.4292 	EXP 	New trial (rep=41, index=0): None
105.4418 	DATA 	Keypress: up
105.4450 	EXP 	fixation: autoDraw = False
105.4450 	EXP 	grating: autoDraw = False
105.4450 	EXP 	grating: ori = 0.0
105.4450 	EXP 	fixation: autoDraw = True
106.4377 	EXP 	grating: autoDraw = True
106.4546 	EXP 	fixation: autoDraw = False
106.7377 	EXP 	grating: autoDraw = False
107.3122 	EXP 	New trial (rep=42, index=0): None
107.3177 	DATA 	Keypress: up
107.3209 	EXP 	fixation: autoDraw = False
107.3209 	EXP 	grating: autoDraw = False
107.3209 	EXP 	grating: ori = 0.0
107.3209 	EXP 	fixation: autoDraw = True
108.3208 	EXP 	fixation: autoDraw = False
108.3208 	EXP 	grating: autoDraw = True
108.6207 	EXP 	grating: autoDraw = False
109.4463 	EXP 	New trial (rep=43, index=0): None
109.4512 	DATA 	Keypress: up
109.4544 	EXP 	fixation: autoDraw = False
109.4544 	EXP 	grating: autoDraw = False
109.4544 	EXP 	grating: ori = -2.0
109.4544 	EXP 	fixation: autoDraw = True
110.4540 	EXP 	fixation: autoDraw = False
110.4540 	EXP 	grating: autoDraw = True
110.7537 	EXP 	grating: autoDraw = False
111.1572 	DATA 	Keypress: down
111.1784 	EXP 	New trial (rep=44, index=0): None
111.1875 	EXP 	fixation: autoDraw = False
111.1875 	EXP 	grating: autoDraw = False
111.1875 	EXP 	grating: ori = 0.0
111.1875 	EXP 	fixation: autoDraw = True
112.1871 	EXP 	fixation: autoDraw = False
112.1871 	EXP 	grating: autoDraw = True
112.4865 	EXP 	grating: autoDraw = False
113.0282 	EXP 	New trial (rep=45, index=0): None
113.0342 	DATA 	Keypress: up
113.0375 	EXP 	fixation: autoDraw = False
113.0375 	EXP 	grating: autoDraw = False
113.0375 	EXP 	grating: ori = -5.0
113.0375 	EXP 	fixation: autoDraw = True
114.0367 	EXP 	fixation: autoDraw = False
114.0367 	EXP 	grating: autoDraw = True
114.3366 	EXP 	grating: autoDraw = False
114.8127 	EXP 	New trial (rep=46, index=0): None
114.8188 	DATA 	Keypress: down
114.8221 	EXP 	fixation: autoDraw = False
114.8221 	EXP 	grating: autoDraw = False
114.8221 	EXP 	grating: ori = 3.0
114.8221 	EXP 	fixation: autoDraw = True
115.8199 	EXP 	grating: autoDraw = True
115.8366 	EXP 	fixation: autoDraw = False
116.1196 	EXP 	grating: autoDraw = False
116.9073 	DATA 	Keypress: down
116.9272 	EXP 	New trial (rep=47, index=0): None
116.9363 	EXP 	fixation: autoDraw = False
116.9363 	EXP 	grating: autoDraw = False
116.9363 	EXP 	grating: ori = 0.0
116.9363 	EXP 	fixation: autoDraw = True
117.9365 	EXP 	fixation: autoDraw = False
117.9365 	EXP 	grating: autoDraw = True
118.2362 	EXP 	grating: autoDraw = False
118.6463 	EXP 	New trial (rep=48, index=0): None
118.6519 	DATA 	Keypress: up
118.6552 	EXP 	fixation: autoDraw = False
118.6552 	EXP 	grating: autoDraw = False
118.6552 	EXP 	grating: ori = 0.0
118.6552 	EXP 	fixation: autoDraw = True
119.6525 	EXP 	grating: autoDraw = True
119.6691 	EXP 	fixation: autoDraw = False
119.9527 	EXP 	grating: autoDraw = False
120.5105 	EXP 	New trial (rep=49, index=0): None
120.5182 	DATA 	Keypress: up
120.5213 	EXP 	fixation: autoDraw = False
120.5213 	EXP 	grating: autoDraw = False
120.5213 	EXP 	grating: ori = 2.0
120.5213 	EXP 	fixation: autoDraw = True
121.5193 	EXP 	grating: autoDraw = True
121.5360 	EXP 	fixation: autoDraw = False
121.8190 	EXP 	grating: autoDraw = False
122.5688 	EXP 	New trial (rep=50, index=0): None
122.5751 	DATA 	Keypress: up
122.5784 	EXP 	fixation: autoDraw = False
122.5784 	EXP 	grating: autoDraw = False
122.5784 	EXP 	grating: ori = 0.0
122.5784 	EXP 	fixation: autoDraw = True
123.5690 	EXP 	grating: autoDraw = True
123.5858 	EXP 	fixation: autoDraw = False
123.8687 	EXP 	grating: autoDraw = False
124.6601 	EXP 	New trial (rep=51, index=0): None
124.6658 	DATA 	Keypress: up
124.6693 	EXP 	fixation: autoDraw = False
124.6693 	EXP 	grating: autoDraw = False
124.6693 	EXP 	grating: ori = 0.0
124.6693 	EXP 	fixation: autoDraw = True
125.6687 	EXP 	fixation: autoDraw = False
125.6687 	EXP 	grating: autoDraw = True
125.9684 	EXP 	grating: autoDraw = False
126.9595 	EXP 	New trial (rep=52, index=0): None
126.9658 	DATA 	Keypress: up
126.9794 	EXP 	fixation: autoDraw = False
126.9794 	EXP 	grating: autoDraw = False
126.9794 	EXP 	grating: ori = 0.0
126.9794 	EXP 	fixation: autoDraw = True
127.9683 	EXP 	grating: autoDraw = True
127.9851 	EXP 	fixation: autoDraw = False
128.2682 	EXP 	grating: autoDraw = False
129.1943 	EXP 	New trial (rep=53, index=0): None
129.2006 	DATA 	Keypress: up
129.2038 	EXP 	fixation: autoDraw = False
129.2038 	EXP 	grating: autoDraw = False
129.2038 	EXP 	grating: ori = 2.0
129.2038 	EXP 	fixation: autoDraw = True
130.2015 	EXP 	grating: autoDraw = True
130.2181 	EXP 	fixation: autoDraw = False
130.5011 	EXP 	grating: autoDraw = False
131.2547 	DATA 	Keypress: up
131.2763 	EXP 	New trial (rep=54, index=0): None
131.2850 	EXP 	fixation: autoDraw = False
131.2850 	EXP 	grating: autoDraw = False
131.2850 	EXP 	grating: ori = 1.0
131.2850 	EXP 	fixation: autoDraw = True
132.2847 	EXP 	fixation: autoDraw = False
132.2847 	EXP 	grating: autoDraw = True
132.5843 	EXP 	grating: autoDraw = False
133.2264 	EXP 	New trial (rep=55, index=0): None
133.2318 	DATA 	Keypress: up
133.2351 	EXP 	fixation: autoDraw = False
133.2351 	EXP 	grating: autoDraw = False
133.2351 	EXP 	grating: ori = 2.0
133.2351 	EXP 	fixation: autoDraw = True
134.2344 	EXP 	fixation: autoDraw = False
134.2344 	EXP 	grating: autoDraw = True
134.5338 	EXP 	grating: autoDraw = False
135.0204 	DATA 	Keypress: up
135.0422 	EXP 	New trial (rep=56, index=0): None
135.0505 	EXP 	fixation: autoDraw = False
135.0505 	EXP 	grating: autoDraw = False
135.0505 	EXP 	grating: ori = -2.0
135.0505 	EXP 	fixation: autoDraw = True
136.0503 	EXP 	fixation: autoDraw = False
136.0503 	EXP 	grating: autoDraw = True
136.3504 	EXP 	grating: autoDraw = False
137.1417 	EXP 	New trial (rep=57, index=0): None
137.1478 	DATA 	Keypress: down
137.1511 	EXP 	fixation: autoDraw = False
137.1511 	EXP 	grating: autoDraw = False
137.1511 	EXP 	grating: ori = 2.0
137.1511 	EXP 	fixation: autoDraw = True
138.1506 	EXP 	fixation: autoDraw = False
138.1506 	EXP 	grating: autoDraw = True
138.4503 	EXP 	grating: autoDraw = False
139.4382 	EXP 	New trial (rep=58, index=0): None
139.4414 	DATA 	Keypress: down
139.4498 	EXP 	fixation: autoDraw = False
139.4498 	EXP 	grating: autoDraw = False
139.4498 	EXP 	grating: ori = 0.0
139.4498 	EXP 	fixation: autoDraw = True
140.4501 	EXP 	fixation: autoDraw = False
140.4501 	EXP 	grating: autoDraw = True
140.7499 	EXP 	grating: autoDraw = False
141.1414 	EXP 	New trial (rep=59, index=0): None
141.1642 	DATA 	Keypress: up
141.1678 	EXP 	fixation: autoDraw = False
141.1678 	EXP 	grating: autoDraw = False
141.1678 	EXP 	grating: ori = 0.0
141.1678 	EXP 	fixation: autoDraw = True
142.1499 	EXP 	grating: autoDraw = True
142.1832 	EXP 	fixation: autoDraw = False
142.4496 	EXP 	grating: autoDraw = False
142.9243 	EXP 	New trial (rep=60, index=0): None
142.9305 	DATA 	Keypress: up
142.9339 	EXP 	fixation: autoDraw = False
142.9339 	EXP 	grating: autoDraw = False
142.9339 	EXP 	grating: ori = 0.0
142.9339 	EXP 	fixation: autoDraw = True
143.9330 	EXP 	fixation: autoDraw = False
143.9330 	EXP 	grating: autoDraw = True
144.2329 	EXP 	grating: autoDraw = False
144.6249 	EXP 	New trial (rep=61, index=0): None
144.6310 	DATA 	Keypress: down
144.6342 	EXP 	fixation: autoDraw = False
144.6342 	EXP 	grating: autoDraw = False
144.6342 	EXP 	grating: ori = -5.0
144.6342 	EXP 	fixation: autoDraw = True
145.6366 	EXP 	grating: autoDraw = True
145.6495 	EXP 	fixation: autoDraw = False
145.9493 	EXP 	grating: autoDraw = False
146.3243 	EXP 	New trial (rep=62, index=0): None
146.3300 	DATA 	Keypress: down
146.3333 	EXP 	fixation: autoDraw = False
146.3333 	EXP 	grating: autoDraw = False
146.3333 	EXP 	grating: ori = 0.0
146.3333 	EXP 	fixation: autoDraw = True
147.3324 	EXP 	fixation: autoDraw = False
147.3324 	EXP 	grating: autoDraw = True
147.6326 	EXP 	grating: autoDraw = False
148.2080 	EXP 	New trial (rep=63, index=0): None
148.2131 	DATA 	Keypress: up
148.2164 	EXP 	fixation: autoDraw = False
148.2164 	EXP 	grating: autoDraw = False
148.2164 	EXP 	grating: ori = 0.0
148.2164 	EXP 	fixation: autoDraw = True
149.2160 	EXP 	fixation: autoDraw = False
149.2160 	EXP 	grating: autoDraw = True
149.5157 	EXP 	grating: autoDraw = False
149.9905 	EXP 	New trial (rep=64, index=0): None
149.9958 	DATA 	Keypress: up
149.9991 	EXP 	fixation: autoDraw = False
149.9991 	EXP 	grating: autoDraw = False
149.9991 	EXP 	grating: ori = -4.0
149.9991 	EXP 	fixation: autoDraw = True
150.9987 	EXP 	fixation: autoDraw = False
150.9987 	EXP 	grating: autoDraw = True
151.2985 	EXP 	grating: autoDraw = False
151.6398 	EXP 	New trial (rep=65, index=0): None
151.6458 	DATA 	Keypress: down
151.6493 	EXP 	fixation: autoDraw = False
151.6493 	EXP 	grating: autoDraw = False
151.6493 	EXP 	grating: ori = -3.0
151.6493 	EXP 	fixation: autoDraw = True
152.6486 	EXP 	fixation: autoDraw = False
152.6486 	EXP 	grating: autoDraw = True
152.9482 	EXP 	grating: autoDraw = False
153.4851 	DATA 	Keypress: down
153.5065 	EXP 	New trial (rep=66, index=0): None
153.5242 	EXP 	fixation: autoDraw = False
153.5242 	EXP 	grating: autoDraw = False
153.5242 	EXP 	grating: ori = 0.0
153.5242 	EXP 	fixation: autoDraw = True
154.5150 	EXP 	grating: autoDraw = True
154.5317 	EXP 	fixation: autoDraw = False
154.8146 	EXP 	grating: autoDraw = False
155.3412 	EXP 	New trial (rep=67, index=0): None
155.3586 	DATA 	Keypress: up
155.3620 	EXP 	fixation: autoDraw = False
155.3620 	EXP 	grating: autoDraw = False
155.3620 	EXP 	grating: ori = 0.0
155.3620 	EXP 	fixation: autoDraw = True
156.3480 	EXP 	grating: autoDraw = True
156.3647 	EXP 	fixation: autoDraw = False
156.6478 	EXP 	grating: autoDraw = False
157.1327 	DATA 	Keypress: up
157.1542 	EXP 	New trial (rep=68, index=0): None
157.1644 	EXP 	fixation: autoDraw = False
157.1644 	EXP 	grating: autoDraw = False
157.1644 	EXP 	grating: ori = 3.0
157.1644 	EXP 	fixation: autoDraw = True
158.1647 	EXP 	fixation: autoDraw = False
158.1647 	EXP 	grating: autoDraw = True
158.4642 	EXP 	grating: autoDraw = False
158.9218 	EXP 	New trial (rep=69, index=0): None
158.9277 	DATA 	Keypress: down
158.9310 	EXP 	fixation: autoDraw = False
158.9310 	EXP 	grating: autoDraw = False
158.9310 	EXP 	grating: ori = -4.0
158.9310 	EXP 	fixation: autoDraw = True
159.9308 	EXP 	fixation: autoDraw = False
159.9308 	EXP 	grating: autoDraw = True
160.2306 	EXP 	grating: autoDraw = False
160.8017 	DATA 	Keypress: down
160.8219 	EXP 	New trial (rep=70, index=0): None
160.8306 	EXP 	fixation: autoDraw = False
160.8306 	EXP 	grating: autoDraw = False
160.8306 	EXP 	grating: ori = -5.0
160.8306 	EXP 	fixation: autoDraw = True
161.8308 	EXP 	fixation: autoDraw = False
161.8308 	EXP 	grating: autoDraw = True
162.1307 	EXP 	grating: autoDraw = False
162.6400 	EXP 	New trial (rep=71, index=0): None
162.6462 	DATA 	Keypress: down
162.6494 	EXP 	fixation: autoDraw = False
162.6494 	EXP 	grating: autoDraw = False
162.6494 	EXP 	grating: ori = 2.0
162.6494 	EXP 	fixation: autoDraw = True
163.6472 	EXP 	grating: autoDraw = True
163.6638 	EXP 	fixation: autoDraw = False
163.9468 	EXP 	grating: autoDraw = False
164.5345 	DATA 	Keypress: down
164.5568 	EXP 	New trial (rep=72, index=0): None
164.5668 	EXP 	fixation: autoDraw = False
164.5668 	EXP 	grating: autoDraw = False
164.5668 	EXP 	grating: ori = 1.0
164.5668 	EXP 	fixation: autoDraw = True
165.5636 	EXP 	grating: autoDraw = True
165.5804 	EXP 	fixation: autoDraw = False
165.8633 	EXP 	grating: autoDraw = False
166.5544 	EXP 	New trial (rep=73, index=0): None
166.5598 	DATA 	Keypress: up
166.5632 	EXP 	fixation: autoDraw = False
166.5632 	EXP 	grating: autoDraw = False
166.5632 	EXP 	grating: ori = -4.0
166.5632 	EXP 	fixation: autoDraw = True
167.5634 	EXP 	fixation: autoDraw = False
167.5634 	EXP 	grating: autoDraw = True
167.8631 	EXP 	grating: autoDraw = False
168.4715 	EXP 	New trial (rep=74, index=0): None
168.4776 	DATA 	Keypress: down
168.4809 	EXP 	fixation: autoDraw = False
168.4809 	EXP 	grating: autoDraw = False
168.4809 	EXP 	grating: ori = 2.0
168.4809 	EXP 	fixation: autoDraw = True
169.4798 	EXP 	grating: autoDraw = True
169.4964 	EXP 	fixation: autoDraw = False
169.7795 	EXP 	grating: autoDraw = False
170.5209 	EXP 	New trial (rep=75, index=0): None
170.5268 	DATA 	Keypress: up
170.5301 	EXP 	fixation: autoDraw = False
170.5301 	EXP 	grating: autoDraw = False
170.5301 	EXP 	grating: ori = 2.0
170.5301 	EXP 	fixation: autoDraw = True
171.5291 	EXP 	fixation: autoDraw = False
171.5291 	EXP 	grating: autoDraw = True
171.8293 	EXP 	grating: autoDraw = False
172.6709 	EXP 	New trial (rep=76, index=0): None
172.6766 	DATA 	Keypress: down
172.6799 	EXP 	fixation: autoDraw = False
172.6799 	EXP 	grating: autoDraw = False
172.6799 	EXP 	grating: ori = 0.0
172.6799 	EXP 	fixation: autoDraw = True
173.6787 	EXP 	fixation: autoDraw = False
173.6787 	EXP 	grating: autoDraw = True
173.9790 	EXP 	grating: autoDraw = False
174.3400 	EXP 	New trial (rep=77, index=0): None
174.3474 	DATA 	Keypress: up
174.3506 	EXP 	fixation: autoDraw = False
174.3506 	EXP 	grating: autoDraw = False
174.3506 	EXP 	grating: ori = -3.0
174.3506 	EXP 	fixation: autoDraw = True
175.3457 	EXP 	grating: autoDraw = True
175.3624 	EXP 	fixation: autoDraw = False
175.6455 	EXP 	grating: autoDraw = False
176.0703 	EXP 	New trial (rep=78, index=0): None
176.0769 	DATA 	Keypress: down
176.0801 	EXP 	fixation: autoDraw = False
176.0801 	EXP 	grating: autoDraw = False
176.0801 	EXP 	grating: ori = 0.0
176.0801 	EXP 	fixation: autoDraw = True
177.0787 	EXP 	grating: autoDraw = True
177.0953 	EXP 	fixation: autoDraw = False
177.3784 	EXP 	grating: autoDraw = False
177.8705 	EXP 	New trial (rep=79, index=0): None
177.8767 	DATA 	Keypress: up
177.8800 	EXP 	fixation: autoDraw = False
177.8800 	EXP 	grating: autoDraw = False
177.8800 	EXP 	grating: ori = -4.0
177.8800 	EXP 	fixation: autoDraw = True
178.8786 	EXP 	grating: autoDraw = True
178.8953 	EXP 	fixation: autoDraw = False
179.1783 	EXP 	grating: autoDraw = False
179.5870 	EXP 	New trial (rep=80, index=0): None
179.5926 	DATA 	Keypress: down
179.5960 	EXP 	fixation: autoDraw = False
179.5960 	EXP 	grating: autoDraw = False
179.5960 	EXP 	grating: ori = -4.0
179.5960 	EXP 	fixation: autoDraw = True
180.5948 	EXP 	grating: autoDraw = True
180.6115 	EXP 	fixation: autoDraw = False
180.8947 	EXP 	grating: autoDraw = False
181.3658 	DATA 	Keypress: down
181.3870 	EXP 	New trial (rep=81, index=0): None
181.3945 	EXP 	fixation: autoDraw = False
181.3945 	EXP 	grating: autoDraw = False
181.3945 	EXP 	grating: ori = 0.0
181.3945 	EXP 	fixation: autoDraw = True
182.3949 	EXP 	fixation: autoDraw = False
182.3949 	EXP 	grating: autoDraw = True
182.6946 	EXP 	grating: autoDraw = False
183.1864 	EXP 	New trial (rep=82, index=0): None
183.1931 	DATA 	Keypress: up
183.1964 	EXP 	fixation: autoDraw = False
183.1964 	EXP 	grating: autoDraw = False
183.1964 	EXP 	grating: ori = 4.0
183.1964 	EXP 	fixation: autoDraw = True
184.1945 	EXP 	grating: autoDraw = True
184.2112 	EXP 	fixation: autoDraw = False
184.4943 	EXP 	grating: autoDraw = False
184.9357 	EXP 	New trial (rep=83, index=0): None
184.9409 	DATA 	Keypress: down
184.9445 	EXP 	fixation: autoDraw = False
184.9445 	EXP 	grating: autoDraw = False
184.9445 	EXP 	grating: ori = 0.0
184.9445 	EXP 	fixation: autoDraw = True
185.9443 	EXP 	fixation: autoDraw = False
185.9443 	EXP 	grating: autoDraw = True
186.2441 	EXP 	grating: autoDraw = False
186.8482 	DATA 	Keypress: up
186.8686 	EXP 	New trial (rep=84, index=0): None
186.8771 	EXP 	fixation: autoDraw = False
186.8771 	EXP 	grating: autoDraw = False
186.8771 	EXP 	grating: ori = 1.0
186.8771 	EXP 	fixation: autoDraw = True
187.8772 	EXP 	fixation: autoDraw = False
187.8772 	EXP 	grating: autoDraw = True
188.1769 	EXP 	grating: autoDraw = False
188.6187 	EXP 	New trial (rep=85, index=0): None
188.6251 	DATA 	Keypress: up
188.6285 	EXP 	fixation: autoDraw = False
188.6285 	EXP 	grating: autoDraw = False
188.6285 	EXP 	grating: ori = 4.0
188.6285 	EXP 	fixation: autoDraw = True
189.6270 	EXP 	grating: autoDraw = True
189.6438 	EXP 	fixation: autoDraw = False
189.9267 	EXP 	grating: autoDraw = False
190.4519 	EXP 	New trial (rep=86, index=0): None
190.4576 	DATA 	Keypress: down
190.4611 	EXP 	fixation: autoDraw = False
190.4611 	EXP 	grating: autoDraw = False
190.4611 	EXP 	grating: ori = 1.0
190.4611 	EXP 	fixation: autoDraw = True
191.4602 	EXP 	fixation: autoDraw = False
191.4602 	EXP 	grating: autoDraw = True
191.7599 	EXP 	grating: autoDraw = False
192.2675 	EXP 	New trial (rep=87, index=0): None
192.2728 	DATA 	Keypress: up
192.2765 	EXP 	fixation: autoDraw = False
192.2765 	EXP 	grating: autoDraw = False
192.2765 	EXP 	grating: ori = 4.0
192.2765 	EXP 	fixation: autoDraw = True
193.2765 	EXP 	fixation: autoDraw = False
193.2765 	EXP 	grating: autoDraw = True
193.5764 	EXP 	grating: autoDraw = False
194.1183 	EXP 	New trial (rep=88, index=0): None
194.1231 	DATA 	Keypress: down
194.1263 	EXP 	fixation: autoDraw = False
194.1263 	EXP 	grating: autoDraw = False
194.1263 	EXP 	grating: ori = -3.0
194.1263 	EXP 	fixation: autoDraw = True
195.1264 	EXP 	fixation: autoDraw = False
195.1264 	EXP 	grating: autoDraw = True
195.4262 	EXP 	grating: autoDraw = False
196.0507 	EXP 	New trial (rep=89, index=0): None
196.0572 	DATA 	Keypress: down
196.0605 	EXP 	fixation: autoDraw = False
196.0605 	EXP 	grating: autoDraw = False
196.0605 	EXP 	grating: ori = -4.0
196.0605 	EXP 	fixation: autoDraw = True
197.0595 	EXP 	grating: autoDraw = True
197.0762 	EXP 	fixation: autoDraw = False
197.3592 	EXP 	grating: autoDraw = False
198.0183 	EXP 	New trial (rep=90, index=0): None
198.0243 	DATA 	Keypress: down
198.0276 	EXP 	fixation: autoDraw = False
198.0276 	EXP 	grating: autoDraw = False
198.0276 	EXP 	grating: ori = 0.0
198.0276 	EXP 	fixation: autoDraw = True
199.0390 	EXP 	grating: autoDraw = True
199.0490 	EXP 	fixation: autoDraw = False
199.3419 	EXP 	grating: autoDraw = False
199.7170 	EXP 	New trial (rep=91, index=0): None
199.7227 	DATA 	Keypress: up
199.7261 	EXP 	fixation: autoDraw = False
199.7261 	EXP 	grating: autoDraw = False
199.7261 	EXP 	grating: ori = 0.0
199.7261 	EXP 	fixation: autoDraw = True
200.7257 	EXP 	fixation: autoDraw = False
200.7257 	EXP 	grating: autoDraw = True
201.0257 	EXP 	grating: autoDraw = False
201.4343 	EXP 	New trial (rep=92, index=0): None
201.4398 	DATA 	Keypress: up
201.4430 	EXP 	fixation: autoDraw = False
201.4430 	EXP 	grating: autoDraw = False
201.4430 	EXP 	grating: ori = 0.0
201.4430 	EXP 	fixation: autoDraw = True
202.4421 	EXP 	fixation: autoDraw = False
202.4421 	EXP 	grating: autoDraw = True
202.7420 	EXP 	grating: autoDraw = False
203.4830 	EXP 	New trial (rep=93, index=0): None
203.4998 	DATA 	Keypress: up
203.5029 	EXP 	fixation: autoDraw = False
203.5029 	EXP 	grating: autoDraw = False
203.5029 	EXP 	grating: ori = -2.0
203.5029 	EXP 	fixation: autoDraw = True
204.4918 	EXP 	grating: autoDraw = True
204.5084 	EXP 	fixation: autoDraw = False
204.7916 	EXP 	grating: autoDraw = False
205.4833 	EXP 	New trial (rep=94, index=0): None
205.4889 	DATA 	Keypress: down
205.4923 	EXP 	fixation: autoDraw = False
205.4923 	EXP 	grating: autoDraw = False
205.4923 	EXP 	grating: ori = -4.0
205.4923 	EXP 	fixation: autoDraw = True
206.4914 	EXP 	fixation: autoDraw = False
206.4914 	EXP 	grating: autoDraw = True
206.7914 	EXP 	grating: autoDraw = False
207.3331 	EXP 	New trial (rep=95, index=0): None
207.3389 	DATA 	Keypress: down
207.3421 	EXP 	fixation: autoDraw = False
207.3421 	EXP 	grating: autoDraw = False
207.3421 	EXP 	grating: ori = 0.0
207.3421 	EXP 	fixation: autoDraw = True
208.3413 	EXP 	fixation: autoDraw = False
208.3413 	EXP 	grating: autoDraw = True
208.6409 	EXP 	grating: autoDraw = False
209.0824 	EXP 	New trial (rep=96, index=0): None
209.0886 	DATA 	Keypress: up
209.0919 	EXP 	fixation: autoDraw = False
209.0919 	EXP 	grating: autoDraw = False
209.0919 	EXP 	grating: ori = -2.0
209.0919 	EXP 	fixation: autoDraw = True
210.0911 	EXP 	fixation: autoDraw = False
210.0911 	EXP 	grating: autoDraw = True
210.3908 	EXP 	grating: autoDraw = False
211.4663 	EXP 	New trial (rep=97, index=0): None
211.4718 	DATA 	Keypress: down
211.4753 	EXP 	fixation: autoDraw = False
211.4753 	EXP 	grating: autoDraw = False
211.4753 	EXP 	grating: ori = 0.0
211.4753 	EXP 	fixation: autoDraw = True
212.4743 	EXP 	grating: autoDraw = True
212.4908 	EXP 	fixation: autoDraw = False
212.7739 	EXP 	grating: autoDraw = False
213.2152 	EXP 	New trial (rep=98, index=0): None
213.2325 	DATA 	Keypress: up
213.2359 	EXP 	fixation: autoDraw = False
213.2359 	EXP 	grating: autoDraw = False
213.2359 	EXP 	grating: ori = -2.0
213.2359 	EXP 	fixation: autoDraw = True
214.2239 	EXP 	grating: autoDraw = True
214.2408 	EXP 	fixation: autoDraw = False
214.5236 	EXP 	grating: autoDraw = False
216.0153 	EXP 	New trial (rep=99, index=0): None
216.0210 	DATA 	Keypress: down
216.0244 	EXP 	fixation: autoDraw = False
216.0244 	EXP 	grating: autoDraw = False
216.0244 	EXP 	grating: ori = -5.0
216.0244 	EXP 	fixation: autoDraw = True
217.0236 	EXP 	fixation: autoDraw = False
217.0236 	EXP 	grating: autoDraw = True
217.3231 	EXP 	grating: autoDraw = False
217.7282 	DATA 	Keypress: down
217.7566 	EXP 	fixation: autoDraw = False
217.7566 	EXP 	grating: autoDraw = False
218.0208 	EXP 	window1: mouseVisible = True
